Performing C SOURCE FILE Test CMAKE_HAVE_LIBC_PTHREAD failed with the following output:
Change Dir: /home/ljff/dlsys/hw3/build/CMakeFiles/CMakeTmp

Run Build Command(s):/usr/bin/make -f Makefile cmTC_30fad/fast && make[1]: Entering directory '/home/ljff/dlsys/hw3/build/CMakeFiles/CMakeTmp'
/usr/bin/make  -f CMakeFiles/cmTC_30fad.dir/build.make CMakeFiles/cmTC_30fad.dir/build
make[2]: Entering directory '/home/ljff/dlsys/hw3/build/CMakeFiles/CMakeTmp'
Building C object CMakeFiles/cmTC_30fad.dir/src.c.o
/usr/lib/ccache/cc -DCMAKE_HAVE_LIBC_PTHREAD  -fPIC  -o CMakeFiles/cmTC_30fad.dir/src.c.o -c /home/ljff/dlsys/hw3/build/CMakeFiles/CMakeTmp/src.c
Linking C executable cmTC_30fad
/usr/bin/cmake -E cmake_link_script CMakeFiles/cmTC_30fad.dir/link.txt --verbose=1
/usr/lib/ccache/cc -fPIC  CMakeFiles/cmTC_30fad.dir/src.c.o -o cmTC_30fad 
/usr/bin/ld: CMakeFiles/cmTC_30fad.dir/src.c.o: in function `main':
src.c:(.text+0x46): undefined reference to `pthread_create'
/usr/bin/ld: src.c:(.text+0x52): undefined reference to `pthread_detach'
/usr/bin/ld: src.c:(.text+0x5e): undefined reference to `pthread_cancel'
/usr/bin/ld: src.c:(.text+0x6f): undefined reference to `pthread_join'
collect2: error: ld returned 1 exit status
make[2]: *** [CMakeFiles/cmTC_30fad.dir/build.make:99: cmTC_30fad] Error 1
make[2]: Leaving directory '/home/ljff/dlsys/hw3/build/CMakeFiles/CMakeTmp'
make[1]: *** [Makefile:127: cmTC_30fad/fast] Error 2
make[1]: Leaving directory '/home/ljff/dlsys/hw3/build/CMakeFiles/CMakeTmp'


Source file was:
#include <pthread.h>

static void* test_func(void* data)
{
  return data;
}

int main(void)
{
  pthread_t thread;
  pthread_create(&thread, NULL, test_func, NULL);
  pthread_detach(thread);
  pthread_cancel(thread);
  pthread_join(thread, NULL);
  pthread_atfork(NULL, NULL, NULL);
  pthread_exit(NULL);

  return 0;
}

Determining if the function pthread_create exists in the pthreads failed with the following output:
Change Dir: /home/ljff/dlsys/hw3/build/CMakeFiles/CMakeTmp

Run Build Command(s):/usr/bin/make -f Makefile cmTC_f05e7/fast && make[1]: Entering directory '/home/ljff/dlsys/hw3/build/CMakeFiles/CMakeTmp'
/usr/bin/make  -f CMakeFiles/cmTC_f05e7.dir/build.make CMakeFiles/cmTC_f05e7.dir/build
make[2]: Entering directory '/home/ljff/dlsys/hw3/build/CMakeFiles/CMakeTmp'
Building C object CMakeFiles/cmTC_f05e7.dir/CheckFunctionExists.c.o
/usr/lib/ccache/cc   -fPIC -DCHECK_FUNCTION_EXISTS=pthread_create -o CMakeFiles/cmTC_f05e7.dir/CheckFunctionExists.c.o -c /usr/share/cmake-3.24/Modules/CheckFunctionExists.c
Linking C executable cmTC_f05e7
/usr/bin/cmake -E cmake_link_script CMakeFiles/cmTC_f05e7.dir/link.txt --verbose=1
/usr/lib/ccache/cc -fPIC -DCHECK_FUNCTION_EXISTS=pthread_create CMakeFiles/cmTC_f05e7.dir/CheckFunctionExists.c.o -o cmTC_f05e7  -lpthreads 
/usr/bin/ld: cannot find -lpthreads
collect2: error: ld returned 1 exit status
make[2]: *** [CMakeFiles/cmTC_f05e7.dir/build.make:99: cmTC_f05e7] Error 1
make[2]: Leaving directory '/home/ljff/dlsys/hw3/build/CMakeFiles/CMakeTmp'
make[1]: *** [Makefile:127: cmTC_f05e7/fast] Error 2
make[1]: Leaving directory '/home/ljff/dlsys/hw3/build/CMakeFiles/CMakeTmp'



